cookie_AR/cookie/build/app/intermediates/manifest_merge_blame_file/debug/manifest-merger-blame-debug-report.txt
1<?xml version="1.0" encoding="utf-8"?>
2<manifest xmlns:android="http://schemas.android.com/apk/res/android"
3    package="com.example.cookie"
4    android:versionCode="1"
5    android:versionName="1.0.0" > <!-- "AR Required" apps must declare minSdkVersion ≥ 24 -->
6    <uses-sdk
7        android:minSdkVersion="24"
7-->src\debug\AndroidManifest.xml:8:15-41
8        android:targetSdkVersion="28" />
8-->src\main\AndroidManifest.xml
9    <!--
10         Flutter needs it to communicate with the running application
11         to allow setting breakpoints, to provide hot reload, etc.
12    -->
13    <uses-permission android:name="android.permission.INTERNET" />
13-->src\debug\AndroidManifest.xml:6:5-66
13-->src\debug\AndroidManifest.xml:6:22-64
14    <uses-permission android:name="android.permission.CAMERA" />
14-->src\debug\AndroidManifest.xml:10:5-65
14-->src\debug\AndroidManifest.xml:10:22-62
15
16    <!--
17     Indicates that app requires ARCore ("AR Required"). Ensures app is only
18     visible in the Google Play Store on devices that support ARCore.
19    -->
20    <uses-feature android:name="android.hardware.camera.ar" />
20-->src\debug\AndroidManifest.xml:15:5-63
20-->src\debug\AndroidManifest.xml:15:19-60
21
22    <!-- Sceneform requires OpenGL ES 3.0 or later. -->
23    <uses-feature
23-->[:arcore_flutter_plugin] AndroidManifest.xml:16:5-18:35
24        android:glEsVersion="0x00030000"
24-->[:arcore_flutter_plugin] AndroidManifest.xml:17:9-41
25        android:required="true" />
25-->[:arcore_flutter_plugin] AndroidManifest.xml:18:9-32
26    <!--
27 io.flutter.app.FlutterApplication is an android.app.Application that
28         calls FlutterMain.startInitialization(this); in its onCreate method.
29         In most cases you can leave this as-is, but you if you want to provide
30         additional functionality it is fine to subclass or reimplement
31         FlutterApplication and put your custom class here.
32    -->
33    <application
33-->src\main\AndroidManifest.xml:13:5-38:19
34        android:name="io.flutter.app.FlutterApplication"
34-->src\main\AndroidManifest.xml:14:9-57
35        android:appComponentFactory="androidx.core.app.CoreComponentFactory"
35-->[androidx.core:core:1.3.0-alpha01] AndroidManifest.xml:24:18-86
36        android:debuggable="true"
37        android:icon="@mipmap/ic_launcher"
37-->src\main\AndroidManifest.xml:16:9-43
38        android:label="cookie" >
38-->src\main\AndroidManifest.xml:15:9-31
39        <activity
39-->src\main\AndroidManifest.xml:17:9-28:20
40            android:name="com.example.cookie.MainActivity"
40-->src\main\AndroidManifest.xml:18:13-41
41            android:configChanges="orientation|keyboardHidden|keyboard|screenSize|smallestScreenSize|locale|layoutDirection|fontScale|screenLayout|density|uiMode"
41-->src\main\AndroidManifest.xml:21:13-163
42            android:hardwareAccelerated="true"
42-->src\main\AndroidManifest.xml:22:13-47
43            android:launchMode="singleTop"
43-->src\main\AndroidManifest.xml:19:13-43
44            android:theme="@style/LaunchTheme"
44-->src\main\AndroidManifest.xml:20:13-47
45            android:windowSoftInputMode="adjustResize" >
45-->src\main\AndroidManifest.xml:23:13-55
46            <intent-filter>
46-->src\main\AndroidManifest.xml:24:13-27:29
47                <action android:name="android.intent.action.MAIN" />
47-->src\main\AndroidManifest.xml:25:17-68
47-->src\main\AndroidManifest.xml:25:25-66
48
49                <category android:name="android.intent.category.LAUNCHER" />
49-->src\main\AndroidManifest.xml:26:17-76
49-->src\main\AndroidManifest.xml:26:27-74
50            </intent-filter>
51        </activity>
52        <!--
53             Don't delete the meta-data below.
54             This is used by the Flutter tool to generate GeneratedPluginRegistrant.java
55        -->
56        <meta-data
56-->src\main\AndroidManifest.xml:31:9-33:33
57            android:name="flutterEmbedding"
57-->src\main\AndroidManifest.xml:32:13-44
58            android:value="2" />
58-->src\main\AndroidManifest.xml:33:13-30
59        <!--
60         Indicates that app requires ARCore ("AR Required"). Causes Google
61         Play Store to download and install ARCore when the app is installed.
62        -->
63        <meta-data
63-->src\main\AndroidManifest.xml:37:10-81
64            android:name="com.google.ar.core"
64-->src\main\AndroidManifest.xml:37:21-54
65            android:value="optional" />
65-->src\main\AndroidManifest.xml:37:55-79
66        <!-- The minimal version code of ARCore APK required for an app using this SDK. -->
67        <meta-data
67-->[com.google.ar:core:1.13.0] AndroidManifest.xml:33:9-35:41
68            android:name="com.google.ar.core.min_apk_version"
68-->[com.google.ar:core:1.13.0] AndroidManifest.xml:34:13-62
69            android:value="190919000" /> <!-- This activity is critical for installing ARCore when it is not already present. -->
69-->[com.google.ar:core:1.13.0] AndroidManifest.xml:35:13-38
70        <activity
70-->[com.google.ar:core:1.13.0] AndroidManifest.xml:37:9-43:80
71            android:name="com.google.ar.core.InstallActivity"
71-->[com.google.ar:core:1.13.0] AndroidManifest.xml:38:13-62
72            android:configChanges="keyboardHidden|orientation|screenSize"
72-->[com.google.ar:core:1.13.0] AndroidManifest.xml:39:13-74
73            android:excludeFromRecents="true"
73-->[com.google.ar:core:1.13.0] AndroidManifest.xml:40:13-46
74            android:exported="false"
74-->[com.google.ar:core:1.13.0] AndroidManifest.xml:41:13-37
75            android:launchMode="singleTop"
75-->[com.google.ar:core:1.13.0] AndroidManifest.xml:42:13-43
76            android:theme="@android:style/Theme.Material.Light.Dialog.Alert" />
76-->[com.google.ar:core:1.13.0] AndroidManifest.xml:43:13-77
77    </application>
78
79</manifest>